<?xml version="1.0" encoding="UTF-8"?>
<!-- Generated by org.testng.reporters.JUnitReportReporter -->
<testsuite hostname="Sayeds-MacBook-Pro.local" failures="0" tests="1" name="test.pages.HomePageTest" time="12.661" errors="0" timestamp="03 May 2018 01:13:41 GMT" skipped="0">
  <testcase classname="test.pages.HomePageTest" name="testHome" time="12.661"/>
</testsuite> <!-- test.pages.HomePageTest -->
