<?xml version="1.0" encoding="UTF-8"?>
<!-- Generated by org.testng.reporters.JUnitReportReporter -->
<testsuite skipped="0" hostname="Parvez-Home" name="test.pages.HomePageTest" tests="1" failures="0" timestamp="24 Apr 2018 21:37:24 GMT" time="10.670" errors="0">
  <testcase name="testHome" time="10.670" classname="test.pages.HomePageTest"/>
</testsuite> <!-- test.pages.HomePageTest -->
