<?xml version="1.0" encoding="UTF-8"?>
<!-- Generated by org.testng.reporters.JUnitReportReporter -->
<testsuite skipped="0" hostname="Parvez-Home" name="test.homepage.TestHomepage" tests="2" failures="0" timestamp="04 May 2018 15:37:14 GMT" time="20.014" errors="0">
  <testcase name="homeTitleTest" time="9.969" classname="test.homepage.TestHomepage"/>
  <testcase name="homeLogoTest" time="10.045" classname="test.homepage.TestHomepage"/>
</testsuite> <!-- test.homepage.TestHomepage -->
