<?xml version="1.0" encoding="UTF-8"?>
<!-- Generated by org.testng.reporters.JUnitReportReporter -->
<testsuite skipped="0" hostname="Parvez-Home" name="test.homepage.TestDropDownMenu" tests="1" failures="0" timestamp="04 May 2018 23:29:47 GMT" time="9.367" errors="0">
  <testcase name="testDropDownMenu" time="9.367" classname="test.homepage.TestDropDownMenu"/>
</testsuite> <!-- test.homepage.TestDropDownMenu -->
