<?xml version="1.0" encoding="UTF-8"?>
<!-- Generated by org.testng.reporters.JUnitReportReporter -->
<testsuite skipped="0" hostname="Parvez-Home" name="test.homepage.TestSearchPage" tests="1" failures="0" timestamp="04 May 2018 15:37:14 GMT" time="13.493" errors="0">
  <testcase name="singleItemSearchTest" time="13.493" classname="test.homepage.TestSearchPage"/>
</testsuite> <!-- test.homepage.TestSearchPage -->
