<?xml version="1.0" encoding="UTF-8"?>
<!-- Generated by org.testng.reporters.JUnitReportReporter -->
<testsuite skipped="0" hostname="Parvez-Home" name="test.homepage.TestMultipleItemsSearch" tests="1" failures="0" timestamp="05 May 2018 05:13:27 GMT" time="24.869" errors="0">
  <testcase name="searchingTest" time="24.869" classname="test.homepage.TestMultipleItemsSearch"/>
</testsuite> <!-- test.homepage.TestMultipleItemsSearch -->
