<?xml version="1.0" encoding="UTF-8"?>
<!-- Generated by org.testng.reporters.JUnitReportReporter -->
<testsuite skipped="0" hostname="Parvez-Home" name="test.authentication.InvalidOnlineBankingLoginTest" tests="1" failures="0" timestamp="05 May 2018 03:36:31 GMT" time="13.595" errors="0">
  <testcase name="invalidLoginTest" time="13.595" classname="test.authentication.InvalidOnlineBankingLoginTest"/>
</testsuite> <!-- test.authentication.InvalidOnlineBankingLoginTest -->
