<?xml version="1.0" encoding="UTF-8"?>
<!-- Generated by org.testng.reporters.JUnitReportReporter -->
<testsuite skipped="0" hostname="Parvez-Home" name="test.homepage.TestDropDownMenu" tests="1" failures="0" timestamp="04 May 2018 15:26:57 GMT" time="20.164" errors="0">
  <testcase name="testDropDownMenu" time="20.164" classname="test.homepage.TestDropDownMenu"/>
</testsuite> <!-- test.homepage.TestDropDownMenu -->
