<?xml version="1.0" encoding="UTF-8"?>
<!-- Generated by org.testng.reporters.JUnitReportReporter -->
<testsuite skipped="0" hostname="Parvez-Home" name="test.homepage.TestHomepage" tests="1" failures="0" timestamp="04 May 2018 14:28:51 GMT" time="8.671" errors="0">
  <testcase name="homeTest" time="8.671" classname="test.homepage.TestHomepage"/>
</testsuite> <!-- test.homepage.TestHomepage -->
